{"/Users/brianito/WebstormProjects/ArrayHasSubArray/index.js": {"path":"/Users/brianito/WebstormProjects/ArrayHasSubArray/index.js","all":false,"statementMap":{"0":{"start":{"line":1,"column":0},"end":{"line":1,"column":28}},"1":{"start":{"line":2,"column":0},"end":{"line":2,"column":0}},"2":{"start":{"line":3,"column":0},"end":{"line":3,"column":3}},"3":{"start":{"line":4,"column":0},"end":{"line":4,"column":93}},"4":{"start":{"line":5,"column":0},"end":{"line":5,"column":51}},"5":{"start":{"line":6,"column":0},"end":{"line":6,"column":42}},"6":{"start":{"line":7,"column":0},"end":{"line":7,"column":2}},"7":{"start":{"line":8,"column":0},"end":{"line":8,"column":36}},"8":{"start":{"line":9,"column":0},"end":{"line":9,"column":18}},"9":{"start":{"line":10,"column":0},"end":{"line":10,"column":44}},"10":{"start":{"line":11,"column":0},"end":{"line":11,"column":41}},"11":{"start":{"line":12,"column":0},"end":{"line":12,"column":48}},"12":{"start":{"line":13,"column":0},"end":{"line":13,"column":35}},"13":{"start":{"line":14,"column":0},"end":{"line":14,"column":40}},"14":{"start":{"line":15,"column":0},"end":{"line":15,"column":89}},"15":{"start":{"line":16,"column":0},"end":{"line":16,"column":89}},"16":{"start":{"line":17,"column":0},"end":{"line":17,"column":3}},"17":{"start":{"line":18,"column":0},"end":{"line":18,"column":2}},"18":{"start":{"line":19,"column":0},"end":{"line":19,"column":14}},"19":{"start":{"line":20,"column":0},"end":{"line":20,"column":1}},"20":{"start":{"line":21,"column":0},"end":{"line":21,"column":0}},"21":{"start":{"line":22,"column":0},"end":{"line":22,"column":23}}},"s":{"0":1,"1":1,"2":1,"3":1,"4":1,"5":1,"6":1,"7":1,"8":8,"9":8,"10":8,"11":16,"12":16,"13":16,"14":16,"15":16,"16":16,"17":16,"18":1,"19":1,"20":1,"21":1},"branchMap":{"0":{"type":"branch","line":8,"loc":{"start":{"line":8,"column":14},"end":{"line":20,"column":1}},"locations":[{"start":{"line":8,"column":14},"end":{"line":20,"column":1}}]},"1":{"type":"branch","line":11,"loc":{"start":{"line":11,"column":40},"end":{"line":18,"column":2}},"locations":[{"start":{"line":11,"column":40},"end":{"line":18,"column":2}}]},"2":{"type":"branch","line":12,"loc":{"start":{"line":12,"column":32},"end":{"line":12,"column":48}},"locations":[{"start":{"line":12,"column":32},"end":{"line":12,"column":48}}]},"3":{"type":"branch","line":15,"loc":{"start":{"line":15,"column":53},"end":{"line":15,"column":89}},"locations":[{"start":{"line":15,"column":53},"end":{"line":15,"column":89}}]},"4":{"type":"branch","line":16,"loc":{"start":{"line":16,"column":49},"end":{"line":16,"column":89}},"locations":[{"start":{"line":16,"column":49},"end":{"line":16,"column":89}}]},"5":{"type":"branch","line":18,"loc":{"start":{"line":18,"column":1},"end":{"line":20,"column":1}},"locations":[{"start":{"line":18,"column":1},"end":{"line":20,"column":1}}]}},"b":{"0":[8],"1":[16],"2":[6],"3":[11],"4":[7],"5":[1]},"fnMap":{"0":{"name":"isSub","decl":{"start":{"line":8,"column":14},"end":{"line":20,"column":1}},"loc":{"start":{"line":8,"column":14},"end":{"line":20,"column":1}},"line":8}},"f":{"0":8}}
}
