{"/Users/brianito/WebstormProjects/ArrayHasSubArray/index.js": {"path":"/Users/brianito/WebstormProjects/ArrayHasSubArray/index.js","all":false,"statementMap":{"0":{"start":{"line":1,"column":0},"end":{"line":1,"column":3}},"1":{"start":{"line":2,"column":0},"end":{"line":2,"column":93}},"2":{"start":{"line":3,"column":0},"end":{"line":3,"column":51}},"3":{"start":{"line":4,"column":0},"end":{"line":4,"column":42}},"4":{"start":{"line":5,"column":0},"end":{"line":5,"column":2}},"5":{"start":{"line":6,"column":0},"end":{"line":6,"column":36}},"6":{"start":{"line":7,"column":0},"end":{"line":7,"column":18}},"7":{"start":{"line":8,"column":0},"end":{"line":8,"column":44}},"8":{"start":{"line":9,"column":0},"end":{"line":9,"column":41}},"9":{"start":{"line":10,"column":0},"end":{"line":10,"column":48}},"10":{"start":{"line":11,"column":0},"end":{"line":11,"column":35}},"11":{"start":{"line":12,"column":0},"end":{"line":12,"column":40}},"12":{"start":{"line":13,"column":0},"end":{"line":13,"column":82}},"13":{"start":{"line":14,"column":0},"end":{"line":14,"column":87}},"14":{"start":{"line":15,"column":0},"end":{"line":15,"column":3}},"15":{"start":{"line":16,"column":0},"end":{"line":16,"column":2}},"16":{"start":{"line":17,"column":0},"end":{"line":17,"column":14}},"17":{"start":{"line":18,"column":0},"end":{"line":18,"column":1}},"18":{"start":{"line":19,"column":0},"end":{"line":19,"column":0}},"19":{"start":{"line":20,"column":0},"end":{"line":20,"column":23}}},"s":{"0":1,"1":1,"2":1,"3":1,"4":1,"5":1,"6":6,"7":6,"8":6,"9":14,"10":14,"11":14,"12":14,"13":14,"14":14,"15":14,"16":1,"17":1,"18":1,"19":1},"branchMap":{"0":{"type":"branch","line":6,"loc":{"start":{"line":6,"column":14},"end":{"line":18,"column":1}},"locations":[{"start":{"line":6,"column":14},"end":{"line":18,"column":1}}]},"1":{"type":"branch","line":9,"loc":{"start":{"line":9,"column":40},"end":{"line":16,"column":2}},"locations":[{"start":{"line":9,"column":40},"end":{"line":16,"column":2}}]},"2":{"type":"branch","line":10,"loc":{"start":{"line":10,"column":32},"end":{"line":10,"column":48}},"locations":[{"start":{"line":10,"column":32},"end":{"line":10,"column":48}}]},"3":{"type":"branch","line":13,"loc":{"start":{"line":13,"column":46},"end":{"line":13,"column":82}},"locations":[{"start":{"line":13,"column":46},"end":{"line":13,"column":82}}]},"4":{"type":"branch","line":14,"loc":{"start":{"line":14,"column":47},"end":{"line":14,"column":87}},"locations":[{"start":{"line":14,"column":47},"end":{"line":14,"column":87}}]},"5":{"type":"branch","line":16,"loc":{"start":{"line":16,"column":1},"end":{"line":18,"column":1}},"locations":[{"start":{"line":16,"column":1},"end":{"line":18,"column":1}}]}},"b":{"0":[6],"1":[14],"2":[6],"3":[10],"4":[5],"5":[1]},"fnMap":{"0":{"name":"isSub","decl":{"start":{"line":6,"column":14},"end":{"line":18,"column":1}},"loc":{"start":{"line":6,"column":14},"end":{"line":18,"column":1}},"line":6}},"f":{"0":6}}
}
